CRITICAL - 2025-06-02 03:01:06 --> CodeIgniter\Session\Exceptions\SessionException: Session: Configured save path "C:\Users\ACER\OneDrive\Documents\A. Kuliah\S1 Sanata Dharma (Informatika) 2023-2026\Sem4\Pem Platform D\UTS2\CI\CIUSIP\writable\session" is not writable by the PHP process.
[Method: POST, Route: pasien]
in SYSTEMPATH\Session\Handlers\FileHandler.php on line 103.
 1 SYSTEMPATH\Session\Handlers\FileHandler.php(103): CodeIgniter\Session\Exceptions\SessionException::forWriteProtectedSavePath('C:\\Users\\ACER\\OneDrive\\Documents\\A. Kuliah\\S1 Sanata Dharma (Informatika) 2023-2026\\Sem4\\Pem Platform D\\UTS2\\CI\\CIUSIP\\writable\\session')
 2 [internal function]: CodeIgniter\Session\Handlers\FileHandler->open('C:\\Users\\ACER\\OneDrive\\Documents\\A. Kuliah\\S1 Sanata Dharma (Informatika) 2023-2026\\Sem4\\Pem Platform D\\UTS2\\CI\\CIUSIP\\writable\\session', 'ci_session')
 3 SYSTEMPATH\Session\Session.php(912): session_start()
 4 SYSTEMPATH\Session\Session.php(243): CodeIgniter\Session\Session->startSession()
 5 SYSTEMPATH\Config\Services.php(710): CodeIgniter\Session\Session->start()
 6 SYSTEMPATH\Config\BaseService.php(312): CodeIgniter\Config\Services::session(Object(Config\Session), false)
 7 SYSTEMPATH\Config\BaseService.php(251): CodeIgniter\Config\BaseService::__callStatic('session', [...])
 8 SYSTEMPATH\Config\Services.php(668): CodeIgniter\Config\BaseService::getSharedInstance('session', null)
 9 SYSTEMPATH\Config\BaseService.php(321): CodeIgniter\Config\Services::session()
10 SYSTEMPATH\Config\BaseService.php(202): CodeIgniter\Config\BaseService::__callStatic('session', [])
11 SYSTEMPATH\Common.php(1000): CodeIgniter\Config\BaseService::get('session')
12 SYSTEMPATH\HTTP\RedirectResponse.php(134): service('session')
13 APPPATH\Controllers\PasienController.php(48): CodeIgniter\HTTP\RedirectResponse->with('success', 'Data berhasil disimpan')
14 SYSTEMPATH\CodeIgniter.php(933): App\Controllers\PasienController->save()
15 SYSTEMPATH\CodeIgniter.php(507): CodeIgniter\CodeIgniter->runController(Object(App\Controllers\PasienController))
16 SYSTEMPATH\CodeIgniter.php(354): CodeIgniter\CodeIgniter->handleRequest(null, Object(Config\Cache), false)
17 SYSTEMPATH\Boot.php(334): CodeIgniter\CodeIgniter->run()
18 SYSTEMPATH\Boot.php(67): CodeIgniter\Boot::runCodeIgniter(Object(CodeIgniter\CodeIgniter))
19 FCPATH\index.php(59): CodeIgniter\Boot::bootWeb(Object(Config\Paths))
20 SYSTEMPATH\rewrite.php(44): require_once('C:\\Users\\ACER\\OneDrive\\Documents\\A. Kuliah\\S1 Sanata Dharma (Informatika) 2023-2026\\Sem4\\Pem Platform D\\UTS2\\CI\\CIUSIP\\public\\index.php')
CRITICAL - 2025-06-02 03:01:07 --> CodeIgniter\Session\Exceptions\SessionException: Session: Configured save path "C:\Users\ACER\OneDrive\Documents\A. Kuliah\S1 Sanata Dharma (Informatika) 2023-2026\Sem4\Pem Platform D\UTS2\CI\CIUSIP\writable\session" is not writable by the PHP process.
[Method: POST, Route: pasien]
in SYSTEMPATH\Session\Handlers\FileHandler.php on line 103.
 1 SYSTEMPATH\Session\Handlers\FileHandler.php(103): CodeIgniter\Session\Exceptions\SessionException::forWriteProtectedSavePath('C:\\Users\\ACER\\OneDrive\\Documents\\A. Kuliah\\S1 Sanata Dharma (Informatika) 2023-2026\\Sem4\\Pem Platform D\\UTS2\\CI\\CIUSIP\\writable\\session')
 2 [internal function]: CodeIgniter\Session\Handlers\FileHandler->open('C:\\Users\\ACER\\OneDrive\\Documents\\A. Kuliah\\S1 Sanata Dharma (Informatika) 2023-2026\\Sem4\\Pem Platform D\\UTS2\\CI\\CIUSIP\\writable\\session', 'ci_session')
 3 SYSTEMPATH\Session\Session.php(912): session_start()
 4 SYSTEMPATH\Session\Session.php(243): CodeIgniter\Session\Session->startSession()
 5 SYSTEMPATH\Config\Services.php(710): CodeIgniter\Session\Session->start()
 6 SYSTEMPATH\Config\BaseService.php(312): CodeIgniter\Config\Services::session(Object(Config\Session), false)
 7 SYSTEMPATH\Config\BaseService.php(251): CodeIgniter\Config\BaseService::__callStatic('session', [...])
 8 SYSTEMPATH\Config\Services.php(668): CodeIgniter\Config\BaseService::getSharedInstance('session', null)
 9 SYSTEMPATH\Config\BaseService.php(321): CodeIgniter\Config\Services::session()
10 SYSTEMPATH\Config\BaseService.php(202): CodeIgniter\Config\BaseService::__callStatic('session', [])
11 SYSTEMPATH\Common.php(1000): CodeIgniter\Config\BaseService::get('session')
12 SYSTEMPATH\HTTP\RedirectResponse.php(134): service('session')
13 APPPATH\Controllers\PasienController.php(48): CodeIgniter\HTTP\RedirectResponse->with('success', 'Data berhasil disimpan')
14 SYSTEMPATH\CodeIgniter.php(933): App\Controllers\PasienController->save()
15 SYSTEMPATH\CodeIgniter.php(507): CodeIgniter\CodeIgniter->runController(Object(App\Controllers\PasienController))
16 SYSTEMPATH\CodeIgniter.php(354): CodeIgniter\CodeIgniter->handleRequest(null, Object(Config\Cache), false)
17 SYSTEMPATH\Boot.php(334): CodeIgniter\CodeIgniter->run()
18 SYSTEMPATH\Boot.php(67): CodeIgniter\Boot::runCodeIgniter(Object(CodeIgniter\CodeIgniter))
19 FCPATH\index.php(59): CodeIgniter\Boot::bootWeb(Object(Config\Paths))
20 SYSTEMPATH\rewrite.php(44): require_once('C:\\Users\\ACER\\OneDrive\\Documents\\A. Kuliah\\S1 Sanata Dharma (Informatika) 2023-2026\\Sem4\\Pem Platform D\\UTS2\\CI\\CIUSIP\\public\\index.php')
CRITICAL - 2025-06-02 03:01:07 --> CodeIgniter\Session\Exceptions\SessionException: Session: Configured save path "C:\Users\ACER\OneDrive\Documents\A. Kuliah\S1 Sanata Dharma (Informatika) 2023-2026\Sem4\Pem Platform D\UTS2\CI\CIUSIP\writable\session" is not writable by the PHP process.
[Method: POST, Route: pasien]
in SYSTEMPATH\Session\Handlers\FileHandler.php on line 103.
 1 SYSTEMPATH\Session\Handlers\FileHandler.php(103): CodeIgniter\Session\Exceptions\SessionException::forWriteProtectedSavePath('C:\\Users\\ACER\\OneDrive\\Documents\\A. Kuliah\\S1 Sanata Dharma (Informatika) 2023-2026\\Sem4\\Pem Platform D\\UTS2\\CI\\CIUSIP\\writable\\session')
 2 [internal function]: CodeIgniter\Session\Handlers\FileHandler->open('C:\\Users\\ACER\\OneDrive\\Documents\\A. Kuliah\\S1 Sanata Dharma (Informatika) 2023-2026\\Sem4\\Pem Platform D\\UTS2\\CI\\CIUSIP\\writable\\session', 'ci_session')
 3 SYSTEMPATH\Session\Session.php(912): session_start()
 4 SYSTEMPATH\Session\Session.php(243): CodeIgniter\Session\Session->startSession()
 5 SYSTEMPATH\Config\Services.php(710): CodeIgniter\Session\Session->start()
 6 SYSTEMPATH\Config\BaseService.php(312): CodeIgniter\Config\Services::session(Object(Config\Session), false)
 7 SYSTEMPATH\Config\BaseService.php(251): CodeIgniter\Config\BaseService::__callStatic('session', [...])
 8 SYSTEMPATH\Config\Services.php(668): CodeIgniter\Config\BaseService::getSharedInstance('session', null)
 9 SYSTEMPATH\Config\BaseService.php(321): CodeIgniter\Config\Services::session()
10 SYSTEMPATH\Config\BaseService.php(202): CodeIgniter\Config\BaseService::__callStatic('session', [])
11 SYSTEMPATH\Common.php(1000): CodeIgniter\Config\BaseService::get('session')
12 SYSTEMPATH\HTTP\RedirectResponse.php(134): service('session')
13 APPPATH\Controllers\PasienController.php(48): CodeIgniter\HTTP\RedirectResponse->with('success', 'Data berhasil disimpan')
14 SYSTEMPATH\CodeIgniter.php(933): App\Controllers\PasienController->save()
15 SYSTEMPATH\CodeIgniter.php(507): CodeIgniter\CodeIgniter->runController(Object(App\Controllers\PasienController))
16 SYSTEMPATH\CodeIgniter.php(354): CodeIgniter\CodeIgniter->handleRequest(null, Object(Config\Cache), false)
17 SYSTEMPATH\Boot.php(334): CodeIgniter\CodeIgniter->run()
18 SYSTEMPATH\Boot.php(67): CodeIgniter\Boot::runCodeIgniter(Object(CodeIgniter\CodeIgniter))
19 FCPATH\index.php(59): CodeIgniter\Boot::bootWeb(Object(Config\Paths))
20 SYSTEMPATH\rewrite.php(44): require_once('C:\\Users\\ACER\\OneDrive\\Documents\\A. Kuliah\\S1 Sanata Dharma (Informatika) 2023-2026\\Sem4\\Pem Platform D\\UTS2\\CI\\CIUSIP\\public\\index.php')
CRITICAL - 2025-06-02 03:01:07 --> CodeIgniter\Session\Exceptions\SessionException: Session: Configured save path "C:\Users\ACER\OneDrive\Documents\A. Kuliah\S1 Sanata Dharma (Informatika) 2023-2026\Sem4\Pem Platform D\UTS2\CI\CIUSIP\writable\session" is not writable by the PHP process.
[Method: POST, Route: pasien]
in SYSTEMPATH\Session\Handlers\FileHandler.php on line 103.
 1 SYSTEMPATH\Session\Handlers\FileHandler.php(103): CodeIgniter\Session\Exceptions\SessionException::forWriteProtectedSavePath('C:\\Users\\ACER\\OneDrive\\Documents\\A. Kuliah\\S1 Sanata Dharma (Informatika) 2023-2026\\Sem4\\Pem Platform D\\UTS2\\CI\\CIUSIP\\writable\\session')
 2 [internal function]: CodeIgniter\Session\Handlers\FileHandler->open('C:\\Users\\ACER\\OneDrive\\Documents\\A. Kuliah\\S1 Sanata Dharma (Informatika) 2023-2026\\Sem4\\Pem Platform D\\UTS2\\CI\\CIUSIP\\writable\\session', 'ci_session')
 3 SYSTEMPATH\Session\Session.php(912): session_start()
 4 SYSTEMPATH\Session\Session.php(243): CodeIgniter\Session\Session->startSession()
 5 SYSTEMPATH\Config\Services.php(710): CodeIgniter\Session\Session->start()
 6 SYSTEMPATH\Config\BaseService.php(312): CodeIgniter\Config\Services::session(Object(Config\Session), false)
 7 SYSTEMPATH\Config\BaseService.php(251): CodeIgniter\Config\BaseService::__callStatic('session', [...])
 8 SYSTEMPATH\Config\Services.php(668): CodeIgniter\Config\BaseService::getSharedInstance('session', null)
 9 SYSTEMPATH\Config\BaseService.php(321): CodeIgniter\Config\Services::session()
10 SYSTEMPATH\Config\BaseService.php(202): CodeIgniter\Config\BaseService::__callStatic('session', [])
11 SYSTEMPATH\Common.php(1000): CodeIgniter\Config\BaseService::get('session')
12 SYSTEMPATH\HTTP\RedirectResponse.php(134): service('session')
13 APPPATH\Controllers\PasienController.php(48): CodeIgniter\HTTP\RedirectResponse->with('success', 'Data berhasil disimpan')
14 SYSTEMPATH\CodeIgniter.php(933): App\Controllers\PasienController->save()
15 SYSTEMPATH\CodeIgniter.php(507): CodeIgniter\CodeIgniter->runController(Object(App\Controllers\PasienController))
16 SYSTEMPATH\CodeIgniter.php(354): CodeIgniter\CodeIgniter->handleRequest(null, Object(Config\Cache), false)
17 SYSTEMPATH\Boot.php(334): CodeIgniter\CodeIgniter->run()
18 SYSTEMPATH\Boot.php(67): CodeIgniter\Boot::runCodeIgniter(Object(CodeIgniter\CodeIgniter))
19 FCPATH\index.php(59): CodeIgniter\Boot::bootWeb(Object(Config\Paths))
20 SYSTEMPATH\rewrite.php(44): require_once('C:\\Users\\ACER\\OneDrive\\Documents\\A. Kuliah\\S1 Sanata Dharma (Informatika) 2023-2026\\Sem4\\Pem Platform D\\UTS2\\CI\\CIUSIP\\public\\index.php')
