CRITICAL - 2025-05-19 02:21:15 --> Error: Class "App\Models\BaseController" not found
[Method: GET, Route: buku]
in APPPATH\Controllers\BukuController.php on line 7.
 1 SYSTEMPATH\Autoloader\Autoloader.php(316): include_once()
 2 SYSTEMPATH\Autoloader\Autoloader.php(295): CodeIgniter\Autoloader\Autoloader->includeFile('C:\\Users\\ACER\\OneDrive\\Documents\\A. Kuliah\\S1 Sanata Dharma (Informatika) 2023-2026\\Sem4\\Pem Platform D\\Praktikum10\\CI\\CI2\\app\\Controllers\\BukuController.php')
 3 SYSTEMPATH\Autoloader\Autoloader.php(271): CodeIgniter\Autoloader\Autoloader->loadInNamespace('App\\Controllers\\BukuController')
 4 [internal function]: CodeIgniter\Autoloader\Autoloader->loadClass('App\\Controllers\\BukuController')
 5 SYSTEMPATH\CodeIgniter.php(885): class_exists('\\App\\Controllers\\BukuController', true)
 6 SYSTEMPATH\CodeIgniter.php(494): CodeIgniter\CodeIgniter->startController()
 7 SYSTEMPATH\CodeIgniter.php(354): CodeIgniter\CodeIgniter->handleRequest(null, Object(Config\Cache), false)
 8 SYSTEMPATH\Boot.php(334): CodeIgniter\CodeIgniter->run()
 9 SYSTEMPATH\Boot.php(67): CodeIgniter\Boot::runCodeIgniter(Object(CodeIgniter\CodeIgniter))
10 FCPATH\index.php(59): CodeIgniter\Boot::bootWeb(Object(Config\Paths))
11 SYSTEMPATH\rewrite.php(44): require_once('C:\\Users\\ACER\\OneDrive\\Documents\\A. Kuliah\\S1 Sanata Dharma (Informatika) 2023-2026\\Sem4\\Pem Platform D\\Praktikum10\\CI\\CI2\\public\\index.php')
CRITICAL - 2025-05-19 02:21:21 --> Error: Class "App\Models\BaseController" not found
[Method: GET, Route: buku]
in APPPATH\Controllers\BukuController.php on line 7.
 1 SYSTEMPATH\Autoloader\Autoloader.php(316): include_once()
 2 SYSTEMPATH\Autoloader\Autoloader.php(295): CodeIgniter\Autoloader\Autoloader->includeFile('C:\\Users\\ACER\\OneDrive\\Documents\\A. Kuliah\\S1 Sanata Dharma (Informatika) 2023-2026\\Sem4\\Pem Platform D\\Praktikum10\\CI\\CI2\\app\\Controllers\\BukuController.php')
 3 SYSTEMPATH\Autoloader\Autoloader.php(271): CodeIgniter\Autoloader\Autoloader->loadInNamespace('App\\Controllers\\BukuController')
 4 [internal function]: CodeIgniter\Autoloader\Autoloader->loadClass('App\\Controllers\\BukuController')
 5 SYSTEMPATH\CodeIgniter.php(885): class_exists('\\App\\Controllers\\BukuController', true)
 6 SYSTEMPATH\CodeIgniter.php(494): CodeIgniter\CodeIgniter->startController()
 7 SYSTEMPATH\CodeIgniter.php(354): CodeIgniter\CodeIgniter->handleRequest(null, Object(Config\Cache), false)
 8 SYSTEMPATH\Boot.php(334): CodeIgniter\CodeIgniter->run()
 9 SYSTEMPATH\Boot.php(67): CodeIgniter\Boot::runCodeIgniter(Object(CodeIgniter\CodeIgniter))
10 FCPATH\index.php(59): CodeIgniter\Boot::bootWeb(Object(Config\Paths))
11 SYSTEMPATH\rewrite.php(44): require_once('C:\\Users\\ACER\\OneDrive\\Documents\\A. Kuliah\\S1 Sanata Dharma (Informatika) 2023-2026\\Sem4\\Pem Platform D\\Praktikum10\\CI\\CI2\\public\\index.php')
CRITICAL - 2025-05-19 02:21:22 --> Error: Class "App\Models\BaseController" not found
[Method: GET, Route: buku]
in APPPATH\Controllers\BukuController.php on line 7.
 1 SYSTEMPATH\Autoloader\Autoloader.php(316): include_once()
 2 SYSTEMPATH\Autoloader\Autoloader.php(295): CodeIgniter\Autoloader\Autoloader->includeFile('C:\\Users\\ACER\\OneDrive\\Documents\\A. Kuliah\\S1 Sanata Dharma (Informatika) 2023-2026\\Sem4\\Pem Platform D\\Praktikum10\\CI\\CI2\\app\\Controllers\\BukuController.php')
 3 SYSTEMPATH\Autoloader\Autoloader.php(271): CodeIgniter\Autoloader\Autoloader->loadInNamespace('App\\Controllers\\BukuController')
 4 [internal function]: CodeIgniter\Autoloader\Autoloader->loadClass('App\\Controllers\\BukuController')
 5 SYSTEMPATH\CodeIgniter.php(885): class_exists('\\App\\Controllers\\BukuController', true)
 6 SYSTEMPATH\CodeIgniter.php(494): CodeIgniter\CodeIgniter->startController()
 7 SYSTEMPATH\CodeIgniter.php(354): CodeIgniter\CodeIgniter->handleRequest(null, Object(Config\Cache), false)
 8 SYSTEMPATH\Boot.php(334): CodeIgniter\CodeIgniter->run()
 9 SYSTEMPATH\Boot.php(67): CodeIgniter\Boot::runCodeIgniter(Object(CodeIgniter\CodeIgniter))
10 FCPATH\index.php(59): CodeIgniter\Boot::bootWeb(Object(Config\Paths))
11 SYSTEMPATH\rewrite.php(44): require_once('C:\\Users\\ACER\\OneDrive\\Documents\\A. Kuliah\\S1 Sanata Dharma (Informatika) 2023-2026\\Sem4\\Pem Platform D\\Praktikum10\\CI\\CI2\\public\\index.php')
CRITICAL - 2025-05-19 02:21:36 --> Error: Class "App\Models\BaseController" not found
[Method: GET, Route: buku]
in APPPATH\Controllers\BukuController.php on line 7.
 1 SYSTEMPATH\Autoloader\Autoloader.php(316): include_once()
 2 SYSTEMPATH\Autoloader\Autoloader.php(295): CodeIgniter\Autoloader\Autoloader->includeFile('C:\\Users\\ACER\\OneDrive\\Documents\\A. Kuliah\\S1 Sanata Dharma (Informatika) 2023-2026\\Sem4\\Pem Platform D\\Praktikum10\\CI\\CI2\\app\\Controllers\\BukuController.php')
 3 SYSTEMPATH\Autoloader\Autoloader.php(271): CodeIgniter\Autoloader\Autoloader->loadInNamespace('App\\Controllers\\BukuController')
 4 [internal function]: CodeIgniter\Autoloader\Autoloader->loadClass('App\\Controllers\\BukuController')
 5 SYSTEMPATH\CodeIgniter.php(885): class_exists('\\App\\Controllers\\BukuController', true)
 6 SYSTEMPATH\CodeIgniter.php(494): CodeIgniter\CodeIgniter->startController()
 7 SYSTEMPATH\CodeIgniter.php(354): CodeIgniter\CodeIgniter->handleRequest(null, Object(Config\Cache), false)
 8 SYSTEMPATH\Boot.php(334): CodeIgniter\CodeIgniter->run()
 9 SYSTEMPATH\Boot.php(67): CodeIgniter\Boot::runCodeIgniter(Object(CodeIgniter\CodeIgniter))
10 FCPATH\index.php(59): CodeIgniter\Boot::bootWeb(Object(Config\Paths))
11 SYSTEMPATH\rewrite.php(44): require_once('C:\\Users\\ACER\\OneDrive\\Documents\\A. Kuliah\\S1 Sanata Dharma (Informatika) 2023-2026\\Sem4\\Pem Platform D\\Praktikum10\\CI\\CI2\\public\\index.php')
CRITICAL - 2025-05-19 02:22:39 --> Error: Class "App\Models\BaseController" not found
[Method: GET, Route: buku]
in APPPATH\Controllers\BukuController.php on line 7.
 1 SYSTEMPATH\Autoloader\Autoloader.php(316): include_once()
 2 SYSTEMPATH\Autoloader\Autoloader.php(295): CodeIgniter\Autoloader\Autoloader->includeFile('C:\\Users\\ACER\\OneDrive\\Documents\\A. Kuliah\\S1 Sanata Dharma (Informatika) 2023-2026\\Sem4\\Pem Platform D\\Praktikum10\\CI\\CI2\\app\\Controllers\\BukuController.php')
 3 SYSTEMPATH\Autoloader\Autoloader.php(271): CodeIgniter\Autoloader\Autoloader->loadInNamespace('App\\Controllers\\BukuController')
 4 [internal function]: CodeIgniter\Autoloader\Autoloader->loadClass('App\\Controllers\\BukuController')
 5 SYSTEMPATH\CodeIgniter.php(885): class_exists('\\App\\Controllers\\BukuController', true)
 6 SYSTEMPATH\CodeIgniter.php(494): CodeIgniter\CodeIgniter->startController()
 7 SYSTEMPATH\CodeIgniter.php(354): CodeIgniter\CodeIgniter->handleRequest(null, Object(Config\Cache), false)
 8 SYSTEMPATH\Boot.php(334): CodeIgniter\CodeIgniter->run()
 9 SYSTEMPATH\Boot.php(67): CodeIgniter\Boot::runCodeIgniter(Object(CodeIgniter\CodeIgniter))
10 FCPATH\index.php(59): CodeIgniter\Boot::bootWeb(Object(Config\Paths))
11 SYSTEMPATH\rewrite.php(44): require_once('C:\\Users\\ACER\\OneDrive\\Documents\\A. Kuliah\\S1 Sanata Dharma (Informatika) 2023-2026\\Sem4\\Pem Platform D\\Praktikum10\\CI\\CI2\\public\\index.php')
CRITICAL - 2025-05-19 02:25:54 --> Error: Class "App\Models\BaseController" not found
[Method: GET, Route: buku]
in APPPATH\Controllers\BukuController.php on line 7.
 1 SYSTEMPATH\Autoloader\Autoloader.php(316): include_once()
 2 SYSTEMPATH\Autoloader\Autoloader.php(295): CodeIgniter\Autoloader\Autoloader->includeFile('C:\\Users\\ACER\\OneDrive\\Documents\\A. Kuliah\\S1 Sanata Dharma (Informatika) 2023-2026\\Sem4\\Pem Platform D\\Praktikum10\\CI\\CI2\\app\\Controllers\\BukuController.php')
 3 SYSTEMPATH\Autoloader\Autoloader.php(271): CodeIgniter\Autoloader\Autoloader->loadInNamespace('App\\Controllers\\BukuController')
 4 [internal function]: CodeIgniter\Autoloader\Autoloader->loadClass('App\\Controllers\\BukuController')
 5 SYSTEMPATH\CodeIgniter.php(885): class_exists('\\App\\Controllers\\BukuController', true)
 6 SYSTEMPATH\CodeIgniter.php(494): CodeIgniter\CodeIgniter->startController()
 7 SYSTEMPATH\CodeIgniter.php(354): CodeIgniter\CodeIgniter->handleRequest(null, Object(Config\Cache), false)
 8 SYSTEMPATH\Boot.php(334): CodeIgniter\CodeIgniter->run()
 9 SYSTEMPATH\Boot.php(67): CodeIgniter\Boot::runCodeIgniter(Object(CodeIgniter\CodeIgniter))
10 FCPATH\index.php(59): CodeIgniter\Boot::bootWeb(Object(Config\Paths))
11 SYSTEMPATH\rewrite.php(44): require_once('C:\\Users\\ACER\\OneDrive\\Documents\\A. Kuliah\\S1 Sanata Dharma (Informatika) 2023-2026\\Sem4\\Pem Platform D\\Praktikum10\\CI\\CI2\\public\\index.php')
CRITICAL - 2025-05-19 02:26:56 --> Error: Class "App\Models\BaseController" not found
[Method: GET, Route: buku]
in APPPATH\Controllers\BukuController.php on line 7.
 1 SYSTEMPATH\Autoloader\Autoloader.php(316): include_once()
 2 SYSTEMPATH\Autoloader\Autoloader.php(295): CodeIgniter\Autoloader\Autoloader->includeFile('C:\\Users\\ACER\\OneDrive\\Documents\\A. Kuliah\\S1 Sanata Dharma (Informatika) 2023-2026\\Sem4\\Pem Platform D\\Praktikum10\\CI\\CI2\\app\\Controllers\\BukuController.php')
 3 SYSTEMPATH\Autoloader\Autoloader.php(271): CodeIgniter\Autoloader\Autoloader->loadInNamespace('App\\Controllers\\BukuController')
 4 [internal function]: CodeIgniter\Autoloader\Autoloader->loadClass('App\\Controllers\\BukuController')
 5 SYSTEMPATH\CodeIgniter.php(885): class_exists('\\App\\Controllers\\BukuController', true)
 6 SYSTEMPATH\CodeIgniter.php(494): CodeIgniter\CodeIgniter->startController()
 7 SYSTEMPATH\CodeIgniter.php(354): CodeIgniter\CodeIgniter->handleRequest(null, Object(Config\Cache), false)
 8 SYSTEMPATH\Boot.php(334): CodeIgniter\CodeIgniter->run()
 9 SYSTEMPATH\Boot.php(67): CodeIgniter\Boot::runCodeIgniter(Object(CodeIgniter\CodeIgniter))
10 FCPATH\index.php(59): CodeIgniter\Boot::bootWeb(Object(Config\Paths))
11 SYSTEMPATH\rewrite.php(44): require_once('C:\\Users\\ACER\\OneDrive\\Documents\\A. Kuliah\\S1 Sanata Dharma (Informatika) 2023-2026\\Sem4\\Pem Platform D\\Praktikum10\\CI\\CI2\\public\\index.php')
CRITICAL - 2025-05-19 02:27:12 --> Error: Class "App\Models\BaseController" not found
[Method: GET, Route: buku]
in APPPATH\Controllers\BukuController.php on line 7.
 1 SYSTEMPATH\Autoloader\Autoloader.php(316): include_once()
 2 SYSTEMPATH\Autoloader\Autoloader.php(295): CodeIgniter\Autoloader\Autoloader->includeFile('C:\\Users\\ACER\\OneDrive\\Documents\\A. Kuliah\\S1 Sanata Dharma (Informatika) 2023-2026\\Sem4\\Pem Platform D\\Praktikum10\\CI\\CI2\\app\\Controllers\\BukuController.php')
 3 SYSTEMPATH\Autoloader\Autoloader.php(271): CodeIgniter\Autoloader\Autoloader->loadInNamespace('App\\Controllers\\BukuController')
 4 [internal function]: CodeIgniter\Autoloader\Autoloader->loadClass('App\\Controllers\\BukuController')
 5 SYSTEMPATH\CodeIgniter.php(885): class_exists('\\App\\Controllers\\BukuController', true)
 6 SYSTEMPATH\CodeIgniter.php(494): CodeIgniter\CodeIgniter->startController()
 7 SYSTEMPATH\CodeIgniter.php(354): CodeIgniter\CodeIgniter->handleRequest(null, Object(Config\Cache), false)
 8 SYSTEMPATH\Boot.php(334): CodeIgniter\CodeIgniter->run()
 9 SYSTEMPATH\Boot.php(67): CodeIgniter\Boot::runCodeIgniter(Object(CodeIgniter\CodeIgniter))
10 FCPATH\index.php(59): CodeIgniter\Boot::bootWeb(Object(Config\Paths))
11 SYSTEMPATH\rewrite.php(44): require_once('C:\\Users\\ACER\\OneDrive\\Documents\\A. Kuliah\\S1 Sanata Dharma (Informatika) 2023-2026\\Sem4\\Pem Platform D\\Praktikum10\\CI\\CI2\\public\\index.php')
CRITICAL - 2025-05-19 02:27:46 --> Error: Class "App\Models\BaseController" not found
[Method: GET, Route: buku]
in APPPATH\Controllers\BukuController.php on line 7.
 1 SYSTEMPATH\Autoloader\Autoloader.php(316): include_once()
 2 SYSTEMPATH\Autoloader\Autoloader.php(295): CodeIgniter\Autoloader\Autoloader->includeFile('C:\\Users\\ACER\\OneDrive\\Documents\\A. Kuliah\\S1 Sanata Dharma (Informatika) 2023-2026\\Sem4\\Pem Platform D\\Praktikum10\\CI\\CI2\\app\\Controllers\\BukuController.php')
 3 SYSTEMPATH\Autoloader\Autoloader.php(271): CodeIgniter\Autoloader\Autoloader->loadInNamespace('App\\Controllers\\BukuController')
 4 [internal function]: CodeIgniter\Autoloader\Autoloader->loadClass('App\\Controllers\\BukuController')
 5 SYSTEMPATH\CodeIgniter.php(885): class_exists('\\App\\Controllers\\BukuController', true)
 6 SYSTEMPATH\CodeIgniter.php(494): CodeIgniter\CodeIgniter->startController()
 7 SYSTEMPATH\CodeIgniter.php(354): CodeIgniter\CodeIgniter->handleRequest(null, Object(Config\Cache), false)
 8 SYSTEMPATH\Boot.php(334): CodeIgniter\CodeIgniter->run()
 9 SYSTEMPATH\Boot.php(67): CodeIgniter\Boot::runCodeIgniter(Object(CodeIgniter\CodeIgniter))
10 FCPATH\index.php(59): CodeIgniter\Boot::bootWeb(Object(Config\Paths))
11 SYSTEMPATH\rewrite.php(44): require_once('C:\\Users\\ACER\\OneDrive\\Documents\\A. Kuliah\\S1 Sanata Dharma (Informatika) 2023-2026\\Sem4\\Pem Platform D\\Praktikum10\\CI\\CI2\\public\\index.php')
CRITICAL - 2025-05-19 02:27:55 --> Error: Class "App\Models\BaseController" not found
[Method: GET, Route: buku]
in APPPATH\Controllers\BukuController.php on line 7.
 1 SYSTEMPATH\Autoloader\Autoloader.php(316): include_once()
 2 SYSTEMPATH\Autoloader\Autoloader.php(295): CodeIgniter\Autoloader\Autoloader->includeFile('C:\\Users\\ACER\\OneDrive\\Documents\\A. Kuliah\\S1 Sanata Dharma (Informatika) 2023-2026\\Sem4\\Pem Platform D\\Praktikum10\\CI\\CI2\\app\\Controllers\\BukuController.php')
 3 SYSTEMPATH\Autoloader\Autoloader.php(271): CodeIgniter\Autoloader\Autoloader->loadInNamespace('App\\Controllers\\BukuController')
 4 [internal function]: CodeIgniter\Autoloader\Autoloader->loadClass('App\\Controllers\\BukuController')
 5 SYSTEMPATH\CodeIgniter.php(885): class_exists('\\App\\Controllers\\BukuController', true)
 6 SYSTEMPATH\CodeIgniter.php(494): CodeIgniter\CodeIgniter->startController()
 7 SYSTEMPATH\CodeIgniter.php(354): CodeIgniter\CodeIgniter->handleRequest(null, Object(Config\Cache), false)
 8 SYSTEMPATH\Boot.php(334): CodeIgniter\CodeIgniter->run()
 9 SYSTEMPATH\Boot.php(67): CodeIgniter\Boot::runCodeIgniter(Object(CodeIgniter\CodeIgniter))
10 FCPATH\index.php(59): CodeIgniter\Boot::bootWeb(Object(Config\Paths))
11 SYSTEMPATH\rewrite.php(44): require_once('C:\\Users\\ACER\\OneDrive\\Documents\\A. Kuliah\\S1 Sanata Dharma (Informatika) 2023-2026\\Sem4\\Pem Platform D\\Praktikum10\\CI\\CI2\\public\\index.php')
CRITICAL - 2025-05-19 02:27:55 --> Error: Class "App\Models\BaseController" not found
[Method: GET, Route: buku]
in APPPATH\Controllers\BukuController.php on line 7.
 1 SYSTEMPATH\Autoloader\Autoloader.php(316): include_once()
 2 SYSTEMPATH\Autoloader\Autoloader.php(295): CodeIgniter\Autoloader\Autoloader->includeFile('C:\\Users\\ACER\\OneDrive\\Documents\\A. Kuliah\\S1 Sanata Dharma (Informatika) 2023-2026\\Sem4\\Pem Platform D\\Praktikum10\\CI\\CI2\\app\\Controllers\\BukuController.php')
 3 SYSTEMPATH\Autoloader\Autoloader.php(271): CodeIgniter\Autoloader\Autoloader->loadInNamespace('App\\Controllers\\BukuController')
 4 [internal function]: CodeIgniter\Autoloader\Autoloader->loadClass('App\\Controllers\\BukuController')
 5 SYSTEMPATH\CodeIgniter.php(885): class_exists('\\App\\Controllers\\BukuController', true)
 6 SYSTEMPATH\CodeIgniter.php(494): CodeIgniter\CodeIgniter->startController()
 7 SYSTEMPATH\CodeIgniter.php(354): CodeIgniter\CodeIgniter->handleRequest(null, Object(Config\Cache), false)
 8 SYSTEMPATH\Boot.php(334): CodeIgniter\CodeIgniter->run()
 9 SYSTEMPATH\Boot.php(67): CodeIgniter\Boot::runCodeIgniter(Object(CodeIgniter\CodeIgniter))
10 FCPATH\index.php(59): CodeIgniter\Boot::bootWeb(Object(Config\Paths))
11 SYSTEMPATH\rewrite.php(44): require_once('C:\\Users\\ACER\\OneDrive\\Documents\\A. Kuliah\\S1 Sanata Dharma (Informatika) 2023-2026\\Sem4\\Pem Platform D\\Praktikum10\\CI\\CI2\\public\\index.php')
CRITICAL - 2025-05-19 02:28:04 --> CodeIgniter\HTTP\Exceptions\BadRequestException: The URI you submitted has disallowed characters: "buku,php"
[Method: GET, Route: buku,php]
in SYSTEMPATH\Router\Router.php on line 741.
 1 SYSTEMPATH\Router\Router.php(207): CodeIgniter\Router\Router->checkDisallowedChars('buku,php')
 2 SYSTEMPATH\CodeIgniter.php(832): CodeIgniter\Router\Router->handle('buku,php')
 3 SYSTEMPATH\CodeIgniter.php(455): CodeIgniter\CodeIgniter->tryToRouteIt(Object(CodeIgniter\Router\RouteCollection))
 4 SYSTEMPATH\CodeIgniter.php(354): CodeIgniter\CodeIgniter->handleRequest(null, Object(Config\Cache), false)
 5 SYSTEMPATH\Boot.php(334): CodeIgniter\CodeIgniter->run()
 6 SYSTEMPATH\Boot.php(67): CodeIgniter\Boot::runCodeIgniter(Object(CodeIgniter\CodeIgniter))
 7 FCPATH\index.php(59): CodeIgniter\Boot::bootWeb(Object(Config\Paths))
 8 SYSTEMPATH\rewrite.php(44): require_once('C:\\Users\\ACER\\OneDrive\\Documents\\A. Kuliah\\S1 Sanata Dharma (Informatika) 2023-2026\\Sem4\\Pem Platform D\\Praktikum10\\CI\\CI2\\public\\index.php')
CRITICAL - 2025-05-19 02:28:17 --> Error: Class "App\Models\BaseController" not found
[Method: GET, Route: buku]
in APPPATH\Controllers\BukuController.php on line 7.
 1 SYSTEMPATH\Autoloader\Autoloader.php(316): include_once()
 2 SYSTEMPATH\Autoloader\Autoloader.php(295): CodeIgniter\Autoloader\Autoloader->includeFile('C:\\Users\\ACER\\OneDrive\\Documents\\A. Kuliah\\S1 Sanata Dharma (Informatika) 2023-2026\\Sem4\\Pem Platform D\\Praktikum10\\CI\\CI2\\app\\Controllers\\BukuController.php')
 3 SYSTEMPATH\Autoloader\Autoloader.php(271): CodeIgniter\Autoloader\Autoloader->loadInNamespace('App\\Controllers\\BukuController')
 4 [internal function]: CodeIgniter\Autoloader\Autoloader->loadClass('App\\Controllers\\BukuController')
 5 SYSTEMPATH\CodeIgniter.php(885): class_exists('\\App\\Controllers\\BukuController', true)
 6 SYSTEMPATH\CodeIgniter.php(494): CodeIgniter\CodeIgniter->startController()
 7 SYSTEMPATH\CodeIgniter.php(354): CodeIgniter\CodeIgniter->handleRequest(null, Object(Config\Cache), false)
 8 SYSTEMPATH\Boot.php(334): CodeIgniter\CodeIgniter->run()
 9 SYSTEMPATH\Boot.php(67): CodeIgniter\Boot::runCodeIgniter(Object(CodeIgniter\CodeIgniter))
10 FCPATH\index.php(59): CodeIgniter\Boot::bootWeb(Object(Config\Paths))
11 SYSTEMPATH\rewrite.php(44): require_once('C:\\Users\\ACER\\OneDrive\\Documents\\A. Kuliah\\S1 Sanata Dharma (Informatika) 2023-2026\\Sem4\\Pem Platform D\\Praktikum10\\CI\\CI2\\public\\index.php')
CRITICAL - 2025-05-19 02:28:18 --> Error: Class "App\Models\BaseController" not found
[Method: GET, Route: buku]
in APPPATH\Controllers\BukuController.php on line 7.
 1 SYSTEMPATH\Autoloader\Autoloader.php(316): include_once()
 2 SYSTEMPATH\Autoloader\Autoloader.php(295): CodeIgniter\Autoloader\Autoloader->includeFile('C:\\Users\\ACER\\OneDrive\\Documents\\A. Kuliah\\S1 Sanata Dharma (Informatika) 2023-2026\\Sem4\\Pem Platform D\\Praktikum10\\CI\\CI2\\app\\Controllers\\BukuController.php')
 3 SYSTEMPATH\Autoloader\Autoloader.php(271): CodeIgniter\Autoloader\Autoloader->loadInNamespace('App\\Controllers\\BukuController')
 4 [internal function]: CodeIgniter\Autoloader\Autoloader->loadClass('App\\Controllers\\BukuController')
 5 SYSTEMPATH\CodeIgniter.php(885): class_exists('\\App\\Controllers\\BukuController', true)
 6 SYSTEMPATH\CodeIgniter.php(494): CodeIgniter\CodeIgniter->startController()
 7 SYSTEMPATH\CodeIgniter.php(354): CodeIgniter\CodeIgniter->handleRequest(null, Object(Config\Cache), false)
 8 SYSTEMPATH\Boot.php(334): CodeIgniter\CodeIgniter->run()
 9 SYSTEMPATH\Boot.php(67): CodeIgniter\Boot::runCodeIgniter(Object(CodeIgniter\CodeIgniter))
10 FCPATH\index.php(59): CodeIgniter\Boot::bootWeb(Object(Config\Paths))
11 SYSTEMPATH\rewrite.php(44): require_once('C:\\Users\\ACER\\OneDrive\\Documents\\A. Kuliah\\S1 Sanata Dharma (Informatika) 2023-2026\\Sem4\\Pem Platform D\\Praktikum10\\CI\\CI2\\public\\index.php')
CRITICAL - 2025-05-19 02:32:18 --> Error: Class "App\Models\BaseController" not found
[Method: GET, Route: buku]
in APPPATH\Controllers\BukuController.php on line 7.
 1 SYSTEMPATH\Autoloader\Autoloader.php(316): include_once()
 2 SYSTEMPATH\Autoloader\Autoloader.php(295): CodeIgniter\Autoloader\Autoloader->includeFile('C:\\Users\\ACER\\OneDrive\\Documents\\A. Kuliah\\S1 Sanata Dharma (Informatika) 2023-2026\\Sem4\\Pem Platform D\\Praktikum10\\CI\\CI2\\app\\Controllers\\BukuController.php')
 3 SYSTEMPATH\Autoloader\Autoloader.php(271): CodeIgniter\Autoloader\Autoloader->loadInNamespace('App\\Controllers\\BukuController')
 4 [internal function]: CodeIgniter\Autoloader\Autoloader->loadClass('App\\Controllers\\BukuController')
 5 SYSTEMPATH\CodeIgniter.php(885): class_exists('\\App\\Controllers\\BukuController', true)
 6 SYSTEMPATH\CodeIgniter.php(494): CodeIgniter\CodeIgniter->startController()
 7 SYSTEMPATH\CodeIgniter.php(354): CodeIgniter\CodeIgniter->handleRequest(null, Object(Config\Cache), false)
 8 SYSTEMPATH\Boot.php(334): CodeIgniter\CodeIgniter->run()
 9 SYSTEMPATH\Boot.php(67): CodeIgniter\Boot::runCodeIgniter(Object(CodeIgniter\CodeIgniter))
10 FCPATH\index.php(59): CodeIgniter\Boot::bootWeb(Object(Config\Paths))
11 SYSTEMPATH\rewrite.php(44): require_once('C:\\Users\\ACER\\OneDrive\\Documents\\A. Kuliah\\S1 Sanata Dharma (Informatika) 2023-2026\\Sem4\\Pem Platform D\\Praktikum10\\CI\\CI2\\public\\index.php')
CRITICAL - 2025-05-19 02:33:26 --> Error: Class "App\Models\BaseController" not found
[Method: GET, Route: buku]
in APPPATH\Controllers\BukuController.php on line 7.
 1 SYSTEMPATH\Autoloader\Autoloader.php(316): include_once()
 2 SYSTEMPATH\Autoloader\Autoloader.php(295): CodeIgniter\Autoloader\Autoloader->includeFile('C:\\Users\\ACER\\OneDrive\\Documents\\A. Kuliah\\S1 Sanata Dharma (Informatika) 2023-2026\\Sem4\\Pem Platform D\\Praktikum10\\CI\\CI2\\app\\Controllers\\BukuController.php')
 3 SYSTEMPATH\Autoloader\Autoloader.php(271): CodeIgniter\Autoloader\Autoloader->loadInNamespace('App\\Controllers\\BukuController')
 4 [internal function]: CodeIgniter\Autoloader\Autoloader->loadClass('App\\Controllers\\BukuController')
 5 SYSTEMPATH\CodeIgniter.php(885): class_exists('\\App\\Controllers\\BukuController', true)
 6 SYSTEMPATH\CodeIgniter.php(494): CodeIgniter\CodeIgniter->startController()
 7 SYSTEMPATH\CodeIgniter.php(354): CodeIgniter\CodeIgniter->handleRequest(null, Object(Config\Cache), false)
 8 SYSTEMPATH\Boot.php(334): CodeIgniter\CodeIgniter->run()
 9 SYSTEMPATH\Boot.php(67): CodeIgniter\Boot::runCodeIgniter(Object(CodeIgniter\CodeIgniter))
10 FCPATH\index.php(59): CodeIgniter\Boot::bootWeb(Object(Config\Paths))
11 SYSTEMPATH\rewrite.php(44): require_once('C:\\Users\\ACER\\OneDrive\\Documents\\A. Kuliah\\S1 Sanata Dharma (Informatika) 2023-2026\\Sem4\\Pem Platform D\\Praktikum10\\CI\\CI2\\public\\index.php')
CRITICAL - 2025-05-19 02:39:46 --> Error: Class "App\Models\BaseController" not found
[Method: GET, Route: buku]
in APPPATH\Controllers\BukuController.php on line 7.
 1 SYSTEMPATH\Autoloader\Autoloader.php(316): include_once()
 2 SYSTEMPATH\Autoloader\Autoloader.php(295): CodeIgniter\Autoloader\Autoloader->includeFile('C:\\Users\\ACER\\OneDrive\\Documents\\A. Kuliah\\S1 Sanata Dharma (Informatika) 2023-2026\\Sem4\\Pem Platform D\\Praktikum10\\CI\\CI2\\app\\Controllers\\BukuController.php')
 3 SYSTEMPATH\Autoloader\Autoloader.php(271): CodeIgniter\Autoloader\Autoloader->loadInNamespace('App\\Controllers\\BukuController')
 4 [internal function]: CodeIgniter\Autoloader\Autoloader->loadClass('App\\Controllers\\BukuController')
 5 SYSTEMPATH\CodeIgniter.php(885): class_exists('\\App\\Controllers\\BukuController', true)
 6 SYSTEMPATH\CodeIgniter.php(494): CodeIgniter\CodeIgniter->startController()
 7 SYSTEMPATH\CodeIgniter.php(354): CodeIgniter\CodeIgniter->handleRequest(null, Object(Config\Cache), false)
 8 SYSTEMPATH\Boot.php(334): CodeIgniter\CodeIgniter->run()
 9 SYSTEMPATH\Boot.php(67): CodeIgniter\Boot::runCodeIgniter(Object(CodeIgniter\CodeIgniter))
10 FCPATH\index.php(59): CodeIgniter\Boot::bootWeb(Object(Config\Paths))
11 SYSTEMPATH\rewrite.php(44): require_once('C:\\Users\\ACER\\OneDrive\\Documents\\A. Kuliah\\S1 Sanata Dharma (Informatika) 2023-2026\\Sem4\\Pem Platform D\\Praktikum10\\CI\\CI2\\public\\index.php')
CRITICAL - 2025-05-19 02:39:47 --> Error: Class "App\Models\BaseController" not found
[Method: GET, Route: buku]
in APPPATH\Controllers\BukuController.php on line 7.
 1 SYSTEMPATH\Autoloader\Autoloader.php(316): include_once()
 2 SYSTEMPATH\Autoloader\Autoloader.php(295): CodeIgniter\Autoloader\Autoloader->includeFile('C:\\Users\\ACER\\OneDrive\\Documents\\A. Kuliah\\S1 Sanata Dharma (Informatika) 2023-2026\\Sem4\\Pem Platform D\\Praktikum10\\CI\\CI2\\app\\Controllers\\BukuController.php')
 3 SYSTEMPATH\Autoloader\Autoloader.php(271): CodeIgniter\Autoloader\Autoloader->loadInNamespace('App\\Controllers\\BukuController')
 4 [internal function]: CodeIgniter\Autoloader\Autoloader->loadClass('App\\Controllers\\BukuController')
 5 SYSTEMPATH\CodeIgniter.php(885): class_exists('\\App\\Controllers\\BukuController', true)
 6 SYSTEMPATH\CodeIgniter.php(494): CodeIgniter\CodeIgniter->startController()
 7 SYSTEMPATH\CodeIgniter.php(354): CodeIgniter\CodeIgniter->handleRequest(null, Object(Config\Cache), false)
 8 SYSTEMPATH\Boot.php(334): CodeIgniter\CodeIgniter->run()
 9 SYSTEMPATH\Boot.php(67): CodeIgniter\Boot::runCodeIgniter(Object(CodeIgniter\CodeIgniter))
10 FCPATH\index.php(59): CodeIgniter\Boot::bootWeb(Object(Config\Paths))
11 SYSTEMPATH\rewrite.php(44): require_once('C:\\Users\\ACER\\OneDrive\\Documents\\A. Kuliah\\S1 Sanata Dharma (Informatika) 2023-2026\\Sem4\\Pem Platform D\\Praktikum10\\CI\\CI2\\public\\index.php')
CRITICAL - 2025-05-19 02:41:01 --> Error: Class "App\Models\BaseController" not found
[Method: GET, Route: buku]
in APPPATH\Controllers\BukuController.php on line 7.
 1 SYSTEMPATH\Autoloader\Autoloader.php(316): include_once()
 2 SYSTEMPATH\Autoloader\Autoloader.php(295): CodeIgniter\Autoloader\Autoloader->includeFile('C:\\Users\\ACER\\OneDrive\\Documents\\A. Kuliah\\S1 Sanata Dharma (Informatika) 2023-2026\\Sem4\\Pem Platform D\\Praktikum10\\CI\\CI2\\app\\Controllers\\BukuController.php')
 3 SYSTEMPATH\Autoloader\Autoloader.php(271): CodeIgniter\Autoloader\Autoloader->loadInNamespace('App\\Controllers\\BukuController')
 4 [internal function]: CodeIgniter\Autoloader\Autoloader->loadClass('App\\Controllers\\BukuController')
 5 SYSTEMPATH\CodeIgniter.php(885): class_exists('\\App\\Controllers\\BukuController', true)
 6 SYSTEMPATH\CodeIgniter.php(494): CodeIgniter\CodeIgniter->startController()
 7 SYSTEMPATH\CodeIgniter.php(354): CodeIgniter\CodeIgniter->handleRequest(null, Object(Config\Cache), false)
 8 SYSTEMPATH\Boot.php(334): CodeIgniter\CodeIgniter->run()
 9 SYSTEMPATH\Boot.php(67): CodeIgniter\Boot::runCodeIgniter(Object(CodeIgniter\CodeIgniter))
10 FCPATH\index.php(59): CodeIgniter\Boot::bootWeb(Object(Config\Paths))
11 SYSTEMPATH\rewrite.php(44): require_once('C:\\Users\\ACER\\OneDrive\\Documents\\A. Kuliah\\S1 Sanata Dharma (Informatika) 2023-2026\\Sem4\\Pem Platform D\\Praktikum10\\CI\\CI2\\public\\index.php')
CRITICAL - 2025-05-19 02:41:52 --> Error: Class "App\Models\BaseController" not found
[Method: GET, Route: buku]
in APPPATH\Controllers\BukuController.php on line 7.
 1 SYSTEMPATH\Autoloader\Autoloader.php(316): include_once()
 2 SYSTEMPATH\Autoloader\Autoloader.php(295): CodeIgniter\Autoloader\Autoloader->includeFile('C:\\Users\\ACER\\OneDrive\\Documents\\A. Kuliah\\S1 Sanata Dharma (Informatika) 2023-2026\\Sem4\\Pem Platform D\\Praktikum10\\CI\\CI2\\app\\Controllers\\BukuController.php')
 3 SYSTEMPATH\Autoloader\Autoloader.php(271): CodeIgniter\Autoloader\Autoloader->loadInNamespace('App\\Controllers\\BukuController')
 4 [internal function]: CodeIgniter\Autoloader\Autoloader->loadClass('App\\Controllers\\BukuController')
 5 SYSTEMPATH\CodeIgniter.php(885): class_exists('\\App\\Controllers\\BukuController', true)
 6 SYSTEMPATH\CodeIgniter.php(494): CodeIgniter\CodeIgniter->startController()
 7 SYSTEMPATH\CodeIgniter.php(354): CodeIgniter\CodeIgniter->handleRequest(null, Object(Config\Cache), false)
 8 SYSTEMPATH\Boot.php(334): CodeIgniter\CodeIgniter->run()
 9 SYSTEMPATH\Boot.php(67): CodeIgniter\Boot::runCodeIgniter(Object(CodeIgniter\CodeIgniter))
10 FCPATH\index.php(59): CodeIgniter\Boot::bootWeb(Object(Config\Paths))
11 SYSTEMPATH\rewrite.php(44): require_once('C:\\Users\\ACER\\OneDrive\\Documents\\A. Kuliah\\S1 Sanata Dharma (Informatika) 2023-2026\\Sem4\\Pem Platform D\\Praktikum10\\CI\\CI2\\public\\index.php')
CRITICAL - 2025-05-19 02:43:02 --> Error: Call to a member function ambilBuku() on null
[Method: GET, Route: buku]
in APPPATH\Controllers\BukuController.php on line 12.
 1 SYSTEMPATH\CodeIgniter.php(933): App\Controllers\BukuController->index()
 2 SYSTEMPATH\CodeIgniter.php(507): CodeIgniter\CodeIgniter->runController(Object(App\Controllers\BukuController))
 3 SYSTEMPATH\CodeIgniter.php(354): CodeIgniter\CodeIgniter->handleRequest(null, Object(Config\Cache), false)
 4 SYSTEMPATH\Boot.php(334): CodeIgniter\CodeIgniter->run()
 5 SYSTEMPATH\Boot.php(67): CodeIgniter\Boot::runCodeIgniter(Object(CodeIgniter\CodeIgniter))
 6 FCPATH\index.php(59): CodeIgniter\Boot::bootWeb(Object(Config\Paths))
 7 SYSTEMPATH\rewrite.php(44): require_once('C:\\Users\\ACER\\OneDrive\\Documents\\A. Kuliah\\S1 Sanata Dharma (Informatika) 2023-2026\\Sem4\\Pem Platform D\\Praktikum10\\CI\\CI2\\public\\index.php')
CRITICAL - 2025-05-19 02:45:06 --> Error: Call to a member function ambilBuku() on null
[Method: GET, Route: buku]
in APPPATH\Controllers\BukuController.php on line 12.
 1 SYSTEMPATH\CodeIgniter.php(933): App\Controllers\BukuController->index()
 2 SYSTEMPATH\CodeIgniter.php(507): CodeIgniter\CodeIgniter->runController(Object(App\Controllers\BukuController))
 3 SYSTEMPATH\CodeIgniter.php(354): CodeIgniter\CodeIgniter->handleRequest(null, Object(Config\Cache), false)
 4 SYSTEMPATH\Boot.php(334): CodeIgniter\CodeIgniter->run()
 5 SYSTEMPATH\Boot.php(67): CodeIgniter\Boot::runCodeIgniter(Object(CodeIgniter\CodeIgniter))
 6 FCPATH\index.php(59): CodeIgniter\Boot::bootWeb(Object(Config\Paths))
 7 SYSTEMPATH\rewrite.php(44): require_once('C:\\Users\\ACER\\OneDrive\\Documents\\A. Kuliah\\S1 Sanata Dharma (Informatika) 2023-2026\\Sem4\\Pem Platform D\\Praktikum10\\CI\\CI2\\public\\index.php')
CRITICAL - 2025-05-19 02:45:09 --> Error: Call to a member function ambilBuku() on null
[Method: GET, Route: buku]
in APPPATH\Controllers\BukuController.php on line 12.
 1 SYSTEMPATH\CodeIgniter.php(933): App\Controllers\BukuController->index()
 2 SYSTEMPATH\CodeIgniter.php(507): CodeIgniter\CodeIgniter->runController(Object(App\Controllers\BukuController))
 3 SYSTEMPATH\CodeIgniter.php(354): CodeIgniter\CodeIgniter->handleRequest(null, Object(Config\Cache), false)
 4 SYSTEMPATH\Boot.php(334): CodeIgniter\CodeIgniter->run()
 5 SYSTEMPATH\Boot.php(67): CodeIgniter\Boot::runCodeIgniter(Object(CodeIgniter\CodeIgniter))
 6 FCPATH\index.php(59): CodeIgniter\Boot::bootWeb(Object(Config\Paths))
 7 SYSTEMPATH\rewrite.php(44): require_once('C:\\Users\\ACER\\OneDrive\\Documents\\A. Kuliah\\S1 Sanata Dharma (Informatika) 2023-2026\\Sem4\\Pem Platform D\\Praktikum10\\CI\\CI2\\public\\index.php')
CRITICAL - 2025-05-19 02:45:11 --> Error: Call to a member function ambilBuku() on null
[Method: GET, Route: buku]
in APPPATH\Controllers\BukuController.php on line 12.
 1 SYSTEMPATH\CodeIgniter.php(933): App\Controllers\BukuController->index()
 2 SYSTEMPATH\CodeIgniter.php(507): CodeIgniter\CodeIgniter->runController(Object(App\Controllers\BukuController))
 3 SYSTEMPATH\CodeIgniter.php(354): CodeIgniter\CodeIgniter->handleRequest(null, Object(Config\Cache), false)
 4 SYSTEMPATH\Boot.php(334): CodeIgniter\CodeIgniter->run()
 5 SYSTEMPATH\Boot.php(67): CodeIgniter\Boot::runCodeIgniter(Object(CodeIgniter\CodeIgniter))
 6 FCPATH\index.php(59): CodeIgniter\Boot::bootWeb(Object(Config\Paths))
 7 SYSTEMPATH\rewrite.php(44): require_once('C:\\Users\\ACER\\OneDrive\\Documents\\A. Kuliah\\S1 Sanata Dharma (Informatika) 2023-2026\\Sem4\\Pem Platform D\\Praktikum10\\CI\\CI2\\public\\index.php')
CRITICAL - 2025-05-19 02:49:29 --> ErrorException: Undefined variable $authors
[Method: GET, Route: buku]
in APPPATH\Views\bukuView.php on line 15.
 1 APPPATH\Views\bukuView.php(15): CodeIgniter\Debug\Exceptions->errorHandler(2, 'Undefined variable $authors', 'C:\\Users\\ACER\\OneDrive\\Documents\\A. Kuliah\\S1 Sanata Dharma (Informatika) 2023-2026\\Sem4\\Pem Platform D\\Praktikum10\\CI\\CI2\\app\\Views\\bukuView.php', 15)
 2 SYSTEMPATH\View\View.php(224): include('C:\\Users\\ACER\\OneDrive\\Documents\\A. Kuliah\\S1 Sanata Dharma (Informatika) 2023-2026\\Sem4\\Pem Platform D\\Praktikum10\\CI\\CI2\\app\\Views\\bukuView.php')
 3 SYSTEMPATH\View\View.php(227): CodeIgniter\View\View->CodeIgniter\View\{closure}()
 4 SYSTEMPATH\Common.php(1173): CodeIgniter\View\View->render('bukuView', [], true)
 5 APPPATH\Controllers\BukuController.php(14): view('bukuView', [...])
 6 SYSTEMPATH\CodeIgniter.php(933): App\Controllers\BukuController->index()
 7 SYSTEMPATH\CodeIgniter.php(507): CodeIgniter\CodeIgniter->runController(Object(App\Controllers\BukuController))
 8 SYSTEMPATH\CodeIgniter.php(354): CodeIgniter\CodeIgniter->handleRequest(null, Object(Config\Cache), false)
 9 SYSTEMPATH\Boot.php(334): CodeIgniter\CodeIgniter->run()
10 SYSTEMPATH\Boot.php(67): CodeIgniter\Boot::runCodeIgniter(Object(CodeIgniter\CodeIgniter))
11 FCPATH\index.php(59): CodeIgniter\Boot::bootWeb(Object(Config\Paths))
12 SYSTEMPATH\rewrite.php(44): require_once('C:\\Users\\ACER\\OneDrive\\Documents\\A. Kuliah\\S1 Sanata Dharma (Informatika) 2023-2026\\Sem4\\Pem Platform D\\Praktikum10\\CI\\CI2\\public\\index.php')
CRITICAL - 2025-05-19 03:09:13 --> ParseError: syntax error, unexpected token "=>", expecting "]"
[Method: GET, Route: mahasiswa]
in APPPATH\Controllers\MahasiswaController.php on line 14.
 1 SYSTEMPATH\Autoloader\Autoloader.php(295): CodeIgniter\Autoloader\Autoloader->includeFile('C:\\Users\\ACER\\OneDrive\\Documents\\A. Kuliah\\S1 Sanata Dharma (Informatika) 2023-2026\\Sem4\\Pem Platform D\\Praktikum10\\CI\\CI2\\app\\Controllers\\MahasiswaController.php')
 2 SYSTEMPATH\Autoloader\Autoloader.php(271): CodeIgniter\Autoloader\Autoloader->loadInNamespace('App\\Controllers\\MahasiswaController')
 3 [internal function]: CodeIgniter\Autoloader\Autoloader->loadClass('App\\Controllers\\MahasiswaController')
 4 SYSTEMPATH\CodeIgniter.php(885): class_exists('\\App\\Controllers\\MahasiswaController', true)
 5 SYSTEMPATH\CodeIgniter.php(494): CodeIgniter\CodeIgniter->startController()
 6 SYSTEMPATH\CodeIgniter.php(354): CodeIgniter\CodeIgniter->handleRequest(null, Object(Config\Cache), false)
 7 SYSTEMPATH\Boot.php(334): CodeIgniter\CodeIgniter->run()
 8 SYSTEMPATH\Boot.php(67): CodeIgniter\Boot::runCodeIgniter(Object(CodeIgniter\CodeIgniter))
 9 FCPATH\index.php(59): CodeIgniter\Boot::bootWeb(Object(Config\Paths))
10 SYSTEMPATH\rewrite.php(44): require_once('C:\\Users\\ACER\\OneDrive\\Documents\\A. Kuliah\\S1 Sanata Dharma (Informatika) 2023-2026\\Sem4\\Pem Platform D\\Praktikum10\\CI\\CI2\\public\\index.php')
CRITICAL - 2025-05-19 03:10:34 --> CodeIgniter\View\Exceptions\ViewException: Invalid file: "mahasiswaView.php"
[Method: GET, Route: mahasiswa]
in SYSTEMPATH\Exceptions\FrameworkException.php on line 39.
 1 SYSTEMPATH\View\View.php(212): CodeIgniter\Exceptions\FrameworkException::forInvalidFile('mahasiswaView.php')
 2 SYSTEMPATH\Common.php(1173): CodeIgniter\View\View->render('mahasiswaView', [], true)
 3 APPPATH\Controllers\MahasiswaController.php(18): view('mahasiswaView', [...])
 4 SYSTEMPATH\CodeIgniter.php(933): App\Controllers\MahasiswaController->index()
 5 SYSTEMPATH\CodeIgniter.php(507): CodeIgniter\CodeIgniter->runController(Object(App\Controllers\MahasiswaController))
 6 SYSTEMPATH\CodeIgniter.php(354): CodeIgniter\CodeIgniter->handleRequest(null, Object(Config\Cache), false)
 7 SYSTEMPATH\Boot.php(334): CodeIgniter\CodeIgniter->run()
 8 SYSTEMPATH\Boot.php(67): CodeIgniter\Boot::runCodeIgniter(Object(CodeIgniter\CodeIgniter))
 9 FCPATH\index.php(59): CodeIgniter\Boot::bootWeb(Object(Config\Paths))
10 SYSTEMPATH\rewrite.php(44): require_once('C:\\Users\\ACER\\OneDrive\\Documents\\A. Kuliah\\S1 Sanata Dharma (Informatika) 2023-2026\\Sem4\\Pem Platform D\\Praktikum10\\CI\\CI2\\public\\index.php')
ERROR - 2025-05-19 04:33:39 --> Error connecting to the database: mysqli_sql_exception: No connection could be made because the target machine actively refused it in C:\Users\ACER\OneDrive\Documents\A. Kuliah\S1 Sanata Dharma (Informatika) 2023-2026\Sem4\Pem Platform D\Praktikum10\CI\CI2\system\Database\MySQLi\Connection.php:201
Stack trace:
#0 C:\Users\ACER\OneDrive\Documents\A. Kuliah\S1 Sanata Dharma (Informatika) 2023-2026\Sem4\Pem Platform D\Praktikum10\CI\CI2\system\Database\MySQLi\Connection.php(201): mysqli->real_connect('localhost', 'root', Object(SensitiveParameterValue), 'platform', 3306, '', 0)
#1 C:\Users\ACER\OneDrive\Documents\A. Kuliah\S1 Sanata Dharma (Informatika) 2023-2026\Sem4\Pem Platform D\Praktikum10\CI\CI2\system\Database\BaseConnection.php(421): CodeIgniter\Database\MySQLi\Connection->connect(false)
#2 C:\Users\ACER\OneDrive\Documents\A. Kuliah\S1 Sanata Dharma (Informatika) 2023-2026\Sem4\Pem Platform D\Praktikum10\CI\CI2\system\Database\BaseConnection.php(620): CodeIgniter\Database\BaseConnection->initialize()
#3 C:\Users\ACER\OneDrive\Documents\A. Kuliah\S1 Sanata Dharma (Informatika) 2023-2026\Sem4\Pem Platform D\Praktikum10\CI\CI2\system\Database\BaseBuilder.php(1649): CodeIgniter\Database\BaseConnection->query('SELECT *\nFROM `...', Array, false)
#4 C:\Users\ACER\OneDrive\Documents\A. Kuliah\S1 Sanata Dharma (Informatika) 2023-2026\Sem4\Pem Platform D\Praktikum10\CI\CI2\system\Model.php(286): CodeIgniter\Database\BaseBuilder->get()
#5 C:\Users\ACER\OneDrive\Documents\A. Kuliah\S1 Sanata Dharma (Informatika) 2023-2026\Sem4\Pem Platform D\Praktikum10\CI\CI2\system\BaseModel.php(679): CodeIgniter\Model->doFindAll(0, 0)
#6 C:\Users\ACER\OneDrive\Documents\A. Kuliah\S1 Sanata Dharma (Informatika) 2023-2026\Sem4\Pem Platform D\Praktikum10\CI\CI2\app\Models\MahasiswaModel.php(14): CodeIgniter\BaseModel->findAll()
#7 C:\Users\ACER\OneDrive\Documents\A. Kuliah\S1 Sanata Dharma (Informatika) 2023-2026\Sem4\Pem Platform D\Praktikum10\CI\CI2\app\Controllers\MahasiswaController.php(14): App\Models\MahasiswaModel->getAllMahasiswa()
#8 C:\Users\ACER\OneDrive\Documents\A. Kuliah\S1 Sanata Dharma (Informatika) 2023-2026\Sem4\Pem Platform D\Praktikum10\CI\CI2\system\CodeIgniter.php(933): App\Controllers\MahasiswaController->index()
#9 C:\Users\ACER\OneDrive\Documents\A. Kuliah\S1 Sanata Dharma (Informatika) 2023-2026\Sem4\Pem Platform D\Praktikum10\CI\CI2\system\CodeIgniter.php(507): CodeIgniter\CodeIgniter->runController(Object(App\Controllers\MahasiswaController))
#10 C:\Users\ACER\OneDrive\Documents\A. Kuliah\S1 Sanata Dharma (Informatika) 2023-2026\Sem4\Pem Platform D\Praktikum10\CI\CI2\system\CodeIgniter.php(354): CodeIgniter\CodeIgniter->handleRequest(NULL, Object(Config\Cache), false)
#11 C:\Users\ACER\OneDrive\Documents\A. Kuliah\S1 Sanata Dharma (Informatika) 2023-2026\Sem4\Pem Platform D\Praktikum10\CI\CI2\system\Boot.php(334): CodeIgniter\CodeIgniter->run()
#12 C:\Users\ACER\OneDrive\Documents\A. Kuliah\S1 Sanata Dharma (Informatika) 2023-2026\Sem4\Pem Platform D\Praktikum10\CI\CI2\system\Boot.php(67): CodeIgniter\Boot::runCodeIgniter(Object(CodeIgniter\CodeIgniter))
#13 C:\Users\ACER\OneDrive\Documents\A. Kuliah\S1 Sanata Dharma (Informatika) 2023-2026\Sem4\Pem Platform D\Praktikum10\CI\CI2\public\index.php(59): CodeIgniter\Boot::bootWeb(Object(Config\Paths))
#14 C:\Users\ACER\OneDrive\Documents\A. Kuliah\S1 Sanata Dharma (Informatika) 2023-2026\Sem4\Pem Platform D\Praktikum10\CI\CI2\system\rewrite.php(44): require_once('C:\\Users\\ACER\\O...')
#15 {main}

Next CodeIgniter\Database\Exceptions\DatabaseException: No connection could be made because the target machine actively refused it in C:\Users\ACER\OneDrive\Documents\A. Kuliah\S1 Sanata Dharma (Informatika) 2023-2026\Sem4\Pem Platform D\Praktikum10\CI\CI2\system\Database\MySQLi\Connection.php:246
Stack trace:
#0 C:\Users\ACER\OneDrive\Documents\A. Kuliah\S1 Sanata Dharma (Informatika) 2023-2026\Sem4\Pem Platform D\Praktikum10\CI\CI2\system\Database\BaseConnection.php(421): CodeIgniter\Database\MySQLi\Connection->connect(false)
#1 C:\Users\ACER\OneDrive\Documents\A. Kuliah\S1 Sanata Dharma (Informatika) 2023-2026\Sem4\Pem Platform D\Praktikum10\CI\CI2\system\Database\BaseConnection.php(620): CodeIgniter\Database\BaseConnection->initialize()
#2 C:\Users\ACER\OneDrive\Documents\A. Kuliah\S1 Sanata Dharma (Informatika) 2023-2026\Sem4\Pem Platform D\Praktikum10\CI\CI2\system\Database\BaseBuilder.php(1649): CodeIgniter\Database\BaseConnection->query('SELECT *\nFROM `...', Array, false)
#3 C:\Users\ACER\OneDrive\Documents\A. Kuliah\S1 Sanata Dharma (Informatika) 2023-2026\Sem4\Pem Platform D\Praktikum10\CI\CI2\system\Model.php(286): CodeIgniter\Database\BaseBuilder->get()
#4 C:\Users\ACER\OneDrive\Documents\A. Kuliah\S1 Sanata Dharma (Informatika) 2023-2026\Sem4\Pem Platform D\Praktikum10\CI\CI2\system\BaseModel.php(679): CodeIgniter\Model->doFindAll(0, 0)
#5 C:\Users\ACER\OneDrive\Documents\A. Kuliah\S1 Sanata Dharma (Informatika) 2023-2026\Sem4\Pem Platform D\Praktikum10\CI\CI2\app\Models\MahasiswaModel.php(14): CodeIgniter\BaseModel->findAll()
#6 C:\Users\ACER\OneDrive\Documents\A. Kuliah\S1 Sanata Dharma (Informatika) 2023-2026\Sem4\Pem Platform D\Praktikum10\CI\CI2\app\Controllers\MahasiswaController.php(14): App\Models\MahasiswaModel->getAllMahasiswa()
#7 C:\Users\ACER\OneDrive\Documents\A. Kuliah\S1 Sanata Dharma (Informatika) 2023-2026\Sem4\Pem Platform D\Praktikum10\CI\CI2\system\CodeIgniter.php(933): App\Controllers\MahasiswaController->index()
#8 C:\Users\ACER\OneDrive\Documents\A. Kuliah\S1 Sanata Dharma (Informatika) 2023-2026\Sem4\Pem Platform D\Praktikum10\CI\CI2\system\CodeIgniter.php(507): CodeIgniter\CodeIgniter->runController(Object(App\Controllers\MahasiswaController))
#9 C:\Users\ACER\OneDrive\Documents\A. Kuliah\S1 Sanata Dharma (Informatika) 2023-2026\Sem4\Pem Platform D\Praktikum10\CI\CI2\system\CodeIgniter.php(354): CodeIgniter\CodeIgniter->handleRequest(NULL, Object(Config\Cache), false)
#10 C:\Users\ACER\OneDrive\Documents\A. Kuliah\S1 Sanata Dharma (Informatika) 2023-2026\Sem4\Pem Platform D\Praktikum10\CI\CI2\system\Boot.php(334): CodeIgniter\CodeIgniter->run()
#11 C:\Users\ACER\OneDrive\Documents\A. Kuliah\S1 Sanata Dharma (Informatika) 2023-2026\Sem4\Pem Platform D\Praktikum10\CI\CI2\system\Boot.php(67): CodeIgniter\Boot::runCodeIgniter(Object(CodeIgniter\CodeIgniter))
#12 C:\Users\ACER\OneDrive\Documents\A. Kuliah\S1 Sanata Dharma (Informatika) 2023-2026\Sem4\Pem Platform D\Praktikum10\CI\CI2\public\index.php(59): CodeIgniter\Boot::bootWeb(Object(Config\Paths))
#13 C:\Users\ACER\OneDrive\Documents\A. Kuliah\S1 Sanata Dharma (Informatika) 2023-2026\Sem4\Pem Platform D\Praktikum10\CI\CI2\system\rewrite.php(44): require_once('C:\\Users\\ACER\\O...')
#14 {main}
CRITICAL - 2025-05-19 04:33:39 --> CodeIgniter\Database\Exceptions\DatabaseException: Unable to connect to the database.
Main connection [MySQLi]: No connection could be made because the target machine actively refused it
[Method: GET, Route: mahasiswa]
in SYSTEMPATH\Database\BaseConnection.php on line 467.
 1 SYSTEMPATH\Database\BaseConnection.php(620): CodeIgniter\Database\BaseConnection->initialize()
 2 SYSTEMPATH\Database\BaseBuilder.php(1649): CodeIgniter\Database\BaseConnection->query('SELECT *
FROM `mahasiswa`', [], false)
 3 SYSTEMPATH\Model.php(286): CodeIgniter\Database\BaseBuilder->get()
 4 SYSTEMPATH\BaseModel.php(679): CodeIgniter\Model->doFindAll(0, 0)
 5 APPPATH\Models\MahasiswaModel.php(14): CodeIgniter\BaseModel->findAll()
 6 APPPATH\Controllers\MahasiswaController.php(14): App\Models\MahasiswaModel->getAllMahasiswa()
 7 SYSTEMPATH\CodeIgniter.php(933): App\Controllers\MahasiswaController->index()
 8 SYSTEMPATH\CodeIgniter.php(507): CodeIgniter\CodeIgniter->runController(Object(App\Controllers\MahasiswaController))
 9 SYSTEMPATH\CodeIgniter.php(354): CodeIgniter\CodeIgniter->handleRequest(null, Object(Config\Cache), false)
10 SYSTEMPATH\Boot.php(334): CodeIgniter\CodeIgniter->run()
11 SYSTEMPATH\Boot.php(67): CodeIgniter\Boot::runCodeIgniter(Object(CodeIgniter\CodeIgniter))
12 FCPATH\index.php(59): CodeIgniter\Boot::bootWeb(Object(Config\Paths))
13 SYSTEMPATH\rewrite.php(44): require_once('C:\\Users\\ACER\\OneDrive\\Documents\\A. Kuliah\\S1 Sanata Dharma (Informatika) 2023-2026\\Sem4\\Pem Platform D\\Praktikum10\\CI\\CI2\\public\\index.php')
CRITICAL - 2025-05-19 05:15:27 --> Error: Call to a member function getAllAsisten() on null
[Method: GET, Route: asisten]
in APPPATH\Controllers\AsistenController.php on line 14.
 1 SYSTEMPATH\CodeIgniter.php(933): App\Controllers\AsistenController->index()
 2 SYSTEMPATH\CodeIgniter.php(507): CodeIgniter\CodeIgniter->runController(Object(App\Controllers\AsistenController))
 3 SYSTEMPATH\CodeIgniter.php(354): CodeIgniter\CodeIgniter->handleRequest(null, Object(Config\Cache), false)
 4 SYSTEMPATH\Boot.php(334): CodeIgniter\CodeIgniter->run()
 5 SYSTEMPATH\Boot.php(67): CodeIgniter\Boot::runCodeIgniter(Object(CodeIgniter\CodeIgniter))
 6 FCPATH\index.php(59): CodeIgniter\Boot::bootWeb(Object(Config\Paths))
 7 SYSTEMPATH\rewrite.php(44): require_once('C:\\Users\\ACER\\OneDrive\\Documents\\A. Kuliah\\S1 Sanata Dharma (Informatika) 2023-2026\\Sem4\\Pem Platform D\\Praktikum10\\CI\\CI2\\public\\index.php')
CRITICAL - 2025-05-19 05:17:22 --> ErrorException: Undefined array key "nim"
[Method: GET, Route: asisten]
in APPPATH\Views\asisten_view.php on line 21.
 1 APPPATH\Views\asisten_view.php(21): CodeIgniter\Debug\Exceptions->errorHandler(2, 'Undefined array key "nim"', 'C:\\Users\\ACER\\OneDrive\\Documents\\A. Kuliah\\S1 Sanata Dharma (Informatika) 2023-2026\\Sem4\\Pem Platform D\\Praktikum10\\CI\\CI2\\app\\Views\\asisten_view.php', 21)
 2 SYSTEMPATH\View\View.php(224): include('C:\\Users\\ACER\\OneDrive\\Documents\\A. Kuliah\\S1 Sanata Dharma (Informatika) 2023-2026\\Sem4\\Pem Platform D\\Praktikum10\\CI\\CI2\\app\\Views\\asisten_view.php')
 3 SYSTEMPATH\View\View.php(227): CodeIgniter\View\View->CodeIgniter\View\{closure}()
 4 SYSTEMPATH\Common.php(1173): CodeIgniter\View\View->render('asisten_view', [], true)
 5 APPPATH\Controllers\AsistenController.php(18): view('asisten_view', [...])
 6 SYSTEMPATH\CodeIgniter.php(933): App\Controllers\AsistenController->index()
 7 SYSTEMPATH\CodeIgniter.php(507): CodeIgniter\CodeIgniter->runController(Object(App\Controllers\AsistenController))
 8 SYSTEMPATH\CodeIgniter.php(354): CodeIgniter\CodeIgniter->handleRequest(null, Object(Config\Cache), false)
 9 SYSTEMPATH\Boot.php(334): CodeIgniter\CodeIgniter->run()
10 SYSTEMPATH\Boot.php(67): CodeIgniter\Boot::runCodeIgniter(Object(CodeIgniter\CodeIgniter))
11 FCPATH\index.php(59): CodeIgniter\Boot::bootWeb(Object(Config\Paths))
12 SYSTEMPATH\rewrite.php(44): require_once('C:\\Users\\ACER\\OneDrive\\Documents\\A. Kuliah\\S1 Sanata Dharma (Informatika) 2023-2026\\Sem4\\Pem Platform D\\Praktikum10\\CI\\CI2\\public\\index.php')
CRITICAL - 2025-05-19 05:25:10 --> ErrorException: Undefined array key "nim"
[Method: GET, Route: asisten]
in APPPATH\Views\asisten_view.php on line 24.
 1 APPPATH\Views\asisten_view.php(24): CodeIgniter\Debug\Exceptions->errorHandler(2, 'Undefined array key "nim"', 'C:\\Users\\ACER\\OneDrive\\Documents\\A. Kuliah\\S1 Sanata Dharma (Informatika) 2023-2026\\Sem4\\Pem Platform D\\Praktikum10\\CI\\CI2\\app\\Views\\asisten_view.php', 24)
 2 SYSTEMPATH\View\View.php(224): include('C:\\Users\\ACER\\OneDrive\\Documents\\A. Kuliah\\S1 Sanata Dharma (Informatika) 2023-2026\\Sem4\\Pem Platform D\\Praktikum10\\CI\\CI2\\app\\Views\\asisten_view.php')
 3 SYSTEMPATH\View\View.php(227): CodeIgniter\View\View->CodeIgniter\View\{closure}()
 4 SYSTEMPATH\Common.php(1173): CodeIgniter\View\View->render('asisten_view', [], true)
 5 APPPATH\Controllers\AsistenController.php(18): view('asisten_view', [...])
 6 SYSTEMPATH\CodeIgniter.php(933): App\Controllers\AsistenController->index()
 7 SYSTEMPATH\CodeIgniter.php(507): CodeIgniter\CodeIgniter->runController(Object(App\Controllers\AsistenController))
 8 SYSTEMPATH\CodeIgniter.php(354): CodeIgniter\CodeIgniter->handleRequest(null, Object(Config\Cache), false)
 9 SYSTEMPATH\Boot.php(334): CodeIgniter\CodeIgniter->run()
10 SYSTEMPATH\Boot.php(67): CodeIgniter\Boot::runCodeIgniter(Object(CodeIgniter\CodeIgniter))
11 FCPATH\index.php(59): CodeIgniter\Boot::bootWeb(Object(Config\Paths))
12 SYSTEMPATH\rewrite.php(44): require_once('C:\\Users\\ACER\\OneDrive\\Documents\\A. Kuliah\\S1 Sanata Dharma (Informatika) 2023-2026\\Sem4\\Pem Platform D\\Praktikum10\\CI\\CI2\\public\\index.php')
